[2020-04-24 07:19:22.758] [exthost] [info] extension host started
[2020-04-24 07:19:22.844] [exthost] [info] ExtensionService#_doActivateExtension vscode.debug-auto-launch {"startup":true,"extensionId":{"value":"vscode.debug-auto-launch","_lower":"vscode.debug-auto-launch"},"activationEvent":"*"}
[2020-04-24 07:19:22.850] [exthost] [info] ExtensionService#loadCommonJSModule file:///app/code-server/lib/vscode/extensions/debug-auto-launch/dist/extension
[2020-04-24 07:19:22.871] [exthost] [info] ExtensionService#_doActivateExtension vscode.emmet {"startup":true,"extensionId":{"value":"vscode.emmet","_lower":"vscode.emmet"},"activationEvent":"*"}
[2020-04-24 07:19:22.871] [exthost] [info] ExtensionService#loadCommonJSModule file:///app/code-server/lib/vscode/extensions/emmet/dist/extension
[2020-04-24 07:19:22.962] [exthost] [info] ExtensionService#_doActivateExtension vscode.git {"startup":true,"extensionId":{"value":"vscode.git","_lower":"vscode.git"},"activationEvent":"*"}
[2020-04-24 07:19:22.962] [exthost] [info] ExtensionService#loadCommonJSModule file:///app/code-server/lib/vscode/extensions/git/dist/main
[2020-04-24 07:19:23.098] [exthost] [info] ExtensionService#_doActivateExtension vscode.github-authentication {"startup":true,"extensionId":{"value":"vscode.github-authentication","_lower":"vscode.github-authentication"},"activationEvent":"*"}
[2020-04-24 07:19:23.099] [exthost] [info] ExtensionService#loadCommonJSModule file:///app/code-server/lib/vscode/extensions/github-authentication/dist/extension.js
[2020-04-24 07:19:23.107] [exthost] [info] ExtensionService#_doActivateExtension vscode.merge-conflict {"startup":true,"extensionId":{"value":"vscode.merge-conflict","_lower":"vscode.merge-conflict"},"activationEvent":"*"}
[2020-04-24 07:19:23.108] [exthost] [info] ExtensionService#loadCommonJSModule file:///app/code-server/lib/vscode/extensions/merge-conflict/dist/extension
[2020-04-24 07:19:23.115] [exthost] [info] ExtensionService#_doActivateExtension vscode.search-result {"startup":true,"extensionId":{"value":"vscode.search-result","_lower":"vscode.search-result"},"activationEvent":"*"}
[2020-04-24 07:19:23.115] [exthost] [info] ExtensionService#loadCommonJSModule file:///app/code-server/lib/vscode/extensions/search-result/dist/extension.js
[2020-04-24 07:19:23.118] [exthost] [info] ExtensionService#_doActivateExtension vscode.vscode-account {"startup":true,"extensionId":{"value":"vscode.vscode-account","_lower":"vscode.vscode-account"},"activationEvent":"*"}
[2020-04-24 07:19:23.118] [exthost] [info] ExtensionService#loadCommonJSModule file:///app/code-server/lib/vscode/extensions/vscode-account/dist/extension.js
[2020-04-24 07:19:23.129] [exthost] [info] eager extensions activated
[2020-04-24 07:29:37.975] [exthost] [info] extension host started
[2020-04-24 07:29:38.242] [exthost] [info] ExtensionService#_doActivateExtension vscode.debug-auto-launch {"startup":true,"extensionId":{"value":"vscode.debug-auto-launch","_lower":"vscode.debug-auto-launch"},"activationEvent":"*"}
[2020-04-24 07:29:38.243] [exthost] [info] ExtensionService#loadCommonJSModule file:///app/code-server/lib/vscode/extensions/debug-auto-launch/dist/extension
[2020-04-24 07:29:38.278] [exthost] [info] ExtensionService#_doActivateExtension vscode.emmet {"startup":true,"extensionId":{"value":"vscode.emmet","_lower":"vscode.emmet"},"activationEvent":"*"}
[2020-04-24 07:29:38.279] [exthost] [info] ExtensionService#loadCommonJSModule file:///app/code-server/lib/vscode/extensions/emmet/dist/extension
[2020-04-24 07:29:38.511] [exthost] [info] ExtensionService#_doActivateExtension vscode.git {"startup":true,"extensionId":{"value":"vscode.git","_lower":"vscode.git"},"activationEvent":"*"}
[2020-04-24 07:29:38.512] [exthost] [info] ExtensionService#loadCommonJSModule file:///app/code-server/lib/vscode/extensions/git/dist/main
[2020-04-24 07:29:39.062] [exthost] [info] ExtensionService#_doActivateExtension vscode.github-authentication {"startup":true,"extensionId":{"value":"vscode.github-authentication","_lower":"vscode.github-authentication"},"activationEvent":"*"}
[2020-04-24 07:29:39.063] [exthost] [info] ExtensionService#loadCommonJSModule file:///app/code-server/lib/vscode/extensions/github-authentication/dist/extension.js
[2020-04-24 07:29:39.086] [exthost] [info] ExtensionService#_doActivateExtension vscode.merge-conflict {"startup":true,"extensionId":{"value":"vscode.merge-conflict","_lower":"vscode.merge-conflict"},"activationEvent":"*"}
[2020-04-24 07:29:39.091] [exthost] [info] ExtensionService#loadCommonJSModule file:///app/code-server/lib/vscode/extensions/merge-conflict/dist/extension
[2020-04-24 07:29:39.118] [exthost] [info] ExtensionService#_doActivateExtension vscode.search-result {"startup":true,"extensionId":{"value":"vscode.search-result","_lower":"vscode.search-result"},"activationEvent":"*"}
[2020-04-24 07:29:39.125] [exthost] [info] ExtensionService#loadCommonJSModule file:///app/code-server/lib/vscode/extensions/search-result/dist/extension.js
[2020-04-24 07:29:39.140] [exthost] [info] ExtensionService#_doActivateExtension vscode.vscode-account {"startup":true,"extensionId":{"value":"vscode.vscode-account","_lower":"vscode.vscode-account"},"activationEvent":"*"}
[2020-04-24 07:29:39.140] [exthost] [info] ExtensionService#loadCommonJSModule file:///app/code-server/lib/vscode/extensions/vscode-account/dist/extension.js
[2020-04-24 07:29:39.216] [exthost] [info] eager extensions activated
[2020-04-24 07:29:56.287] [exthost] [info] ExtensionService#_doActivateExtension vscode.php-language-features {"startup":false,"extensionId":{"value":"vscode.php-language-features","_lower":"vscode.php-language-features"},"activationEvent":"onLanguage:php"}
[2020-04-24 07:29:56.287] [exthost] [info] ExtensionService#loadCommonJSModule file:///app/code-server/lib/vscode/extensions/php-language-features/dist/phpMain
[2020-04-24 07:30:22.830] [exthost] [info] ExtensionService#_doActivateExtension vscode.configuration-editing {"startup":false,"extensionId":{"value":"vscode.configuration-editing","_lower":"vscode.configuration-editing"},"activationEvent":"onLanguage:json"}
[2020-04-24 07:30:22.831] [exthost] [info] ExtensionService#loadCommonJSModule file:///app/code-server/lib/vscode/extensions/configuration-editing/dist/extension
[2020-04-24 07:30:22.888] [exthost] [info] ExtensionService#_doActivateExtension vscode.extension-editing {"startup":false,"extensionId":{"value":"vscode.extension-editing","_lower":"vscode.extension-editing"},"activationEvent":"onLanguage:json"}
[2020-04-24 07:30:22.889] [exthost] [info] ExtensionService#loadCommonJSModule file:///app/code-server/lib/vscode/extensions/extension-editing/dist/extension
[2020-04-24 07:30:22.991] [exthost] [info] ExtensionService#_doActivateExtension vscode.json-language-features {"startup":false,"extensionId":{"value":"vscode.json-language-features","_lower":"vscode.json-language-features"},"activationEvent":"onLanguage:json"}
[2020-04-24 07:30:22.992] [exthost] [info] ExtensionService#loadCommonJSModule file:///app/code-server/lib/vscode/extensions/json-language-features/client/dist/jsonMain
[2020-04-24 07:30:23.129] [exthost] [info] ExtensionService#_doActivateExtension ms-vscode.js-debug-nightly {"startup":false,"extensionId":{"value":"ms-vscode.js-debug-nightly","_lower":"ms-vscode.js-debug-nightly"},"activationEvent":"onLanguage:json"}
[2020-04-24 07:30:23.130] [exthost] [info] ExtensionService#loadCommonJSModule file:///app/code-server/lib/vscode/extensions/ms-vscode.js-debug-nightly/src/extension.js
[2020-04-24 07:30:24.625] [exthost] [info] ExtensionService#_doActivateExtension vscode.npm {"startup":false,"extensionId":{"value":"vscode.npm","_lower":"vscode.npm"},"activationEvent":"onLanguage:json"}
[2020-04-24 07:30:24.626] [exthost] [info] ExtensionService#loadCommonJSModule file:///app/code-server/lib/vscode/extensions/npm/dist/main
[2020-04-24 07:31:37.281] [exthost] [info] ExtensionService#_doActivateExtension vscode.typescript-language-features {"startup":false,"extensionId":{"value":"vscode.typescript-language-features","_lower":"vscode.typescript-language-features"},"activationEvent":"onLanguage:javascript"}
[2020-04-24 07:31:37.283] [exthost] [info] ExtensionService#loadCommonJSModule file:///app/code-server/lib/vscode/extensions/typescript-language-features/dist/extension
